This is a simple score shell script for you to find out problems in your program
--------------------------------------------------------------------------------

---------------------------
Ready to test: TEST 1
---------------------------


---------------------------
Ready to test: TEST 2
---------------------------


---------------------------
Ready to test: TEST 3
---------------------------


---------------------------
Ready to test: TEST 4
---------------------------


---------------------------
Ready to test: TEST 5
Wrong answer in TEST 5
---------------------------


---------------------------
Ready to test: TEST 6
---------------------------


---------------------------
Ready to test: TEST 7
---------------------------


---------------------------
Ready to test: TEST 8
---------------------------


---------------------------
Ready to test: TEST 9
---------------------------


---------------------------
Ready to test: TEST 10
---------------------------


---------------------------
Ready to test: TEST 11
---------------------------


---------------------------
Ready to test: TEST 12
---------------------------


---------------------------
Ready to test: TEST 13
---------------------------


---------------------------
Ready to test: TEST 14
---------------------------


---------------------------
Ready to test: TEST 15
---------------------------


---------------------------
Ready to test: TEST 16
---------------------------


---------------------------
Ready to test: TEST 17
---------------------------


---------------------------
Ready to test: TEST 18
---------------------------


---------------------------
Ready to test: TEST 19
Wrong answer in TEST 19
---------------------------


---------------------------
Ready to test: TEST 20
Wrong answer in TEST 20
---------------------------


---------------------------
Ready to test: TEST 21
---------------------------


---------------------------
Ready to test: TEST 22
---------------------------


---------------------------
Ready to test: TEST 23
---------------------------


---------------------------
Ready to test: TEST 24
---------------------------


---------------------------
Ready to test: TEST 25
---------------------------


---------------------------
Ready to test: TEST 26
---------------------------


---------------------------
Ready to test: TEST 27
---------------------------


---------------------------
Ready to test: TEST 28
---------------------------


---------------------------
Ready to test: TEST 29
---------------------------


---------------------------
Ready to test: TEST 30
---------------------------


---------------------------
Ready to test: TEST 31
---------------------------


---------------------------
Ready to test: TEST 32
---------------------------


---------------------------
Ready to test: TEST 33
---------------------------


---------------------------
Ready to test: TEST 34
---------------------------


---------------------------
Ready to test: TEST 35
Wrong answer in TEST 35
---------------------------


---------------------------
Ready to test: TEST 36
Wrong answer in TEST 36
---------------------------


---------------------------
Ready to test: TEST 37
Wrong answer in TEST 37
---------------------------


---------------------------
Ready to test: TEST 38
Wrong answer in TEST 38
---------------------------


---------------------------
Ready to test: TEST 39
Wrong answer in TEST 39
---------------------------


---------------------------
Ready to test: TEST 40
Wrong answer in TEST 40
---------------------------


---------------------------
Ready to test: TEST 41
---------------------------


---------------------------
Ready to test: TEST 42
---------------------------


---------------------------
Ready to test: TEST 43
---------------------------


---------------------------
Ready to test: TEST 44
---------------------------


---------------------------
Ready to test: TEST 45
---------------------------


---------------------------
Ready to test: TEST 46
---------------------------


---------------------------
Ready to test: TEST 47
---------------------------


---------------------------
Ready to test: TEST 48
---------------------------


---------------------------
Ready to test: TEST 49
---------------------------


---------------------------
Ready to test: TEST 50
---------------------------


---------------------------
Ready to test: TEST 51
---------------------------


---------------------------
Ready to test: TEST 52
---------------------------


---------------------------
Ready to test: TEST 53
---------------------------


---------------------------
Ready to test: TEST 54
---------------------------


---------------------------
Ready to test: TEST 55
Wrong answer in TEST 55
---------------------------


---------------------------
Ready to test: TEST 56
---------------------------


---------------------------
Ready to test: TEST 57
---------------------------


---------------------------
Ready to test: TEST 58
---------------------------


---------------------------
Ready to test: TEST 59
---------------------------


---------------------------
Ready to test: TEST 60
Wrong answer in TEST 60
---------------------------


---------------------------
Ready to test: TEST 61
---------------------------


---------------------------
Ready to test: TEST 62
---------------------------


---------------------------
Ready to test: TEST 63
Wrong answer in TEST 63
---------------------------


---------------------------
Ready to test: TEST 64
---------------------------


---------------------------
Ready to test: TEST 65
Wrong answer in TEST 65
---------------------------


---------------------------
Ready to test: TEST 66
Wrong answer in TEST 66
---------------------------


---------------------------
Ready to test: TEST 67
Wrong answer in TEST 67
---------------------------


---------------------------
Ready to test: TEST 68
---------------------------


---------------------------
Ready to test: TEST 69
---------------------------


---------------------------
Ready to test: TEST 70
---------------------------


---------------------------
Ready to test: TEST 71
---------------------------


---------------------------
Ready to test: TEST 72
---------------------------


---------------------------
Ready to test: TEST 73
---------------------------


---------------------------
Ready to test: TEST 74
---------------------------


---------------------------
Ready to test: TEST 75
---------------------------


---------------------------
Ready to test: TEST 76
---------------------------


---------------------------
Ready to test: TEST 77
---------------------------


---------------------------
Ready to test: TEST 78
---------------------------


---------------------------
Ready to test: TEST 79
---------------------------


---------------------------
Ready to test: TEST 80
---------------------------


---------------------------
Ready to test: TEST 81
---------------------------


---------------------------
Ready to test: TEST 82
---------------------------


---------------------------
Ready to test: TEST 83
---------------------------


---------------------------
Ready to test: TEST 84
---------------------------


---------------------------
Ready to test: TEST 85
---------------------------


---------------------------
Ready to test: TEST 86
---------------------------


---------------------------
Ready to test: TEST 87
---------------------------


---------------------------
Ready to test: TEST 88
---------------------------


---------------------------
Ready to test: TEST 89
---------------------------


---------------------------
Ready to test: TEST 90
---------------------------


---------------------------
Ready to test: TEST 91
---------------------------


---------------------------
Ready to test: TEST 92
Wrong answer in TEST 92
---------------------------


---------------------------
Ready to test: TEST 93
---------------------------


---------------------------
Ready to test: TEST 94
---------------------------


---------------------------
Ready to test: TEST 95
---------------------------


---------------------------
Ready to test: TEST 96
Wrong answer in TEST 96
---------------------------


---------------------------
Ready to test: TEST 97
Wrong answer in TEST 97
---------------------------


---------------------------
Ready to test: TEST 98
Wrong answer in TEST 98
---------------------------


---------------------------
Ready to test: TEST 99
---------------------------


---------------------------
Ready to test: TEST 100
---------------------------


---------------------------
Ready to test: TEST 101
Wrong answer in TEST 101
---------------------------


---------------------------
Ready to test: TEST 102
Wrong answer in TEST 102
---------------------------


---------------------------
Ready to test: TEST 103
Wrong answer in TEST 103
---------------------------


---------------------------
Ready to test: TEST 104
---------------------------


---------------------------
Ready to test: TEST 105
Wrong answer in TEST 105
---------------------------


---------------------------
Ready to test: TEST 106
Wrong answer in TEST 106
---------------------------


---------------------------
Ready to test: TEST 107
---------------------------


---------------------------
Ready to test: TEST 108
---------------------------


---------------------------
Ready to test: TEST 109
Wrong answer in TEST 109
---------------------------


---------------------------
Ready to test: TEST 110
---------------------------


---------------------------
Ready to test: TEST 111
Wrong answer in TEST 111
---------------------------


---------------------------
Ready to test: TEST 112
---------------------------

